
=== Mon Aug  9 07:38:41 2021

Packages were changed.
Update Mode: updateDependencies

The following packages were updated:
  com.unity.collab-proxy from version 1.5.7 to 1.7.1
  com.unity.test-framework from version 1.1.26 to 1.1.27

=== Mon Aug  9 07:50:17 2021

Packages were changed.
Update Mode: resetToDefaultDependencies

The following packages were updated:
  com.unity.ide.rider from version 3.0.7 to 2.0.7
  com.unity.timeline from version 1.6.0-pre.5 to 1.4.8
The following packages were removed:
  com.unity.2d.animation@6.0.3
  com.unity.2d.pixel-perfect@5.0.0
  com.unity.2d.psdimporter@6.0.0-pre.2
  com.unity.2d.sprite@1.0.0
  com.unity.2d.spriteshape@7.0.0-pre.2
  com.unity.2d.tilemap@1.0.0
  com.unity.modules.nvidia@1.0.0
